# JRE version: OpenJDK Runtime Environment Temurin-17.0.14+7 (17.0.14+7) (build 17.0.14+7)
# Java VM: OpenJDK 64-Bit Server VM Temurin-17.0.14+7 (17.0.14+7, mixed mode, emulated-client, sharing, tiered, compressed oops, compressed class ptrs, g1 gc, windows-amd64)
GC Precious Log:
 CPUs: 4 total, 4 available
 Memory: 3784M
 Large Page Support: Disabled
 NUMA Support: Disabled
 Compressed Oops: Enabled (32-bit)
 Heap Region Size: 1M
 Heap Min Capacity: 8M
 Heap Initial Capacity: 60M
 Heap Max Capacity: 948M
 Pre-touch: Disabled
 Parallel Workers: 4
 Concurrent Workers: 1
 Concurrent Refinement Workers: 4
 Periodic GC: Disabled
Heap:
 garbage-first heap   total 75776K, used 48560K [0x00000000c4c00000, 0x0000000100000000)
  region size 1024K, 2 young (2048K), 2 survivors (2048K)
 Metaspace       used 64723K, committed 65280K, reserved 1114112K
  class space    used 9299K, committed 9536K, reserved 1048576K
GC Heap History (20 events):
Event: 12.047 GC heap after
{Heap after GC invocations=14 (full 0):
 garbage-first heap   total 75776K, used 23143K [0x00000000c4c00000, 0x0000000100000000)
  region size 1024K, 2 young (2048K), 2 survivors (2048K)
 Metaspace       used 35603K, committed 35968K, reserved 1114112K
  class space    used 5015K, committed 5184K, reserved 1048576K
}
Event: 13.827 GC heap before
{Heap before GC invocations=15 (full 0):
 garbage-first heap   total 75776K, used 58983K [0x00000000c4c00000, 0x0000000100000000)
  region size 1024K, 38 young (38912K), 2 survivors (2048K)
 Metaspace       used 47453K, committed 47936K, reserved 1114112K
  class space    used 6760K, committed 6976K, reserved 1048576K
}
Event: 13.839 GC heap after
{Heap after GC invocations=16 (full 0):
 garbage-first heap   total 75776K, used 26199K [0x00000000c4c00000, 0x0000000100000000)
  region size 1024K, 5 young (5120K), 5 survivors (5120K)
 Metaspace       used 47453K, committed 47936K, reserved 1114112K
  class space    used 6760K, committed 6976K, reserved 1048576K
}
Event: 15.383 GC heap before
{Heap before GC invocations=16 (full 0):
 garbage-first heap   total 75776K, used 58967K [0x00000000c4c00000, 0x0000000100000000)
  region size 1024K, 37 young (37888K), 5 survivors (5120K)
 Metaspace       used 53299K, committed 53760K, reserved 1114112K
  class space    used 7694K, committed 7872K, reserved 1048576K
}
Event: 15.398 GC heap after
{Heap after GC invocations=17 (full 0):
 garbage-first heap   total 75776K, used 28037K [0x00000000c4c00000, 0x0000000100000000)
  region size 1024K, 2 young (2048K), 2 survivors (2048K)
 Metaspace       used 53299K, committed 53760K, reserved 1114112K
  class space    used 7694K, committed 7872K, reserved 1048576K
}
Event: 17.110 GC heap before
{Heap before GC invocations=17 (full 0):
 garbage-first heap   total 75776K, used 59781K [0x00000000c4c00000, 0x0000000100000000)
  region size 1024K, 33 young (33792K), 2 survivors (2048K)
 Metaspace       used 57680K, committed 58112K, reserved 1114112K
  class space    used 8302K, committed 8512K, reserved 1048576K
}
Event: 17.121 GC heap after
{Heap after GC invocations=18 (full 0):
 garbage-first heap   total 75776K, used 29706K [0x00000000c4c00000, 0x0000000100000000)
  region size 1024K, 4 young (4096K), 4 survivors (4096K)
 Metaspace       used 57680K, committed 58112K, reserved 1114112K
  class space    used 8302K, committed 8512K, reserved 1048576K
}
Event: 18.404 GC heap before
{Heap before GC invocations=18 (full 0):
 garbage-first heap   total 75776K, used 55306K [0x00000000c4c00000, 0x0000000100000000)
  region size 1024K, 30 young (30720K), 4 survivors (4096K)
 Metaspace       used 59803K, committed 60288K, reserved 1114112K
  class space    used 8621K, committed 8896K, reserved 1048576K
}
Event: 18.410 GC heap after
{Heap after GC invocations=19 (full 0):
 garbage-first heap   total 75776K, used 31282K [0x00000000c4c00000, 0x0000000100000000)
  region size 1024K, 4 young (4096K), 4 survivors (4096K)
 Metaspace       used 59803K, committed 60288K, reserved 1114112K
  class space    used 8621K, committed 8896K, reserved 1048576K
}
Event: 18.818 GC heap before
{Heap before GC invocations=20 (full 0):
 garbage-first heap   total 75776K, used 60978K [0x00000000c4c00000, 0x0000000100000000)
  region size 1024K, 33 young (33792K), 4 survivors (4096K)
 Metaspace       used 61211K, committed 61696K, reserved 1114112K
  class space    used 8814K, committed 9024K, reserved 1048576K
}
Event: 18.823 GC heap after
{Heap after GC invocations=21 (full 0):
 garbage-first heap   total 75776K, used 31897K [0x00000000c4c00000, 0x0000000100000000)
  region size 1024K, 3 young (3072K), 3 survivors (3072K)
 Metaspace       used 61211K, committed 61696K, reserved 1114112K
  class space    used 8814K, committed 9024K, reserved 1048576K
}
Event: 19.682 GC heap before
{Heap before GC invocations=21 (full 0):
 garbage-first heap   total 75776K, used 61593K [0x00000000c4c00000, 0x0000000100000000)
  region size 1024K, 32 young (32768K), 3 survivors (3072K)
 Metaspace       used 63335K, committed 63872K, reserved 1114112K
  class space    used 9128K, committed 9408K, reserved 1048576K
}
Event: 19.687 GC heap after
{Heap after GC invocations=22 (full 0):
 garbage-first heap   total 75776K, used 33452K [0x00000000c4c00000, 0x0000000100000000)
  region size 1024K, 4 young (4096K), 4 survivors (4096K)
 Metaspace       used 63335K, committed 63872K, reserved 1114112K
  class space    used 9128K, committed 9408K, reserved 1048576K
}
Event: 20.011 GC heap before
{Heap before GC invocations=22 (full 0):
 garbage-first heap   total 75776K, used 62124K [0x00000000c4c00000, 0x0000000100000000)
  region size 1024K, 32 young (32768K), 4 survivors (4096K)
 Metaspace       used 64635K, committed 65216K, reserved 1114112K
  class space    used 9288K, committed 9536K, reserved 1048576K
}
Event: 20.019 GC heap after
{Heap after GC invocations=23 (full 0):
 garbage-first heap   total 75776K, used 37784K [0x00000000c4c00000, 0x0000000100000000)
  region size 1024K, 4 young (4096K), 4 survivors (4096K)
 Metaspace       used 64635K, committed 65216K, reserved 1114112K
  class space    used 9288K, committed 9536K, reserved 1048576K
}
Event: 20.137 GC heap before
{Heap before GC invocations=23 (full 0):
 garbage-first heap   total 75776K, used 59288K [0x00000000c4c00000, 0x0000000100000000)
  region size 1024K, 26 young (26624K), 4 survivors (4096K)
 Metaspace       used 64723K, committed 65280K, reserved 1114112K
  class space    used 9299K, committed 9536K, reserved 1048576K
}
Event: 20.146 GC heap after
{Heap after GC invocations=24 (full 0):
 garbage-first heap   total 75776K, used 44326K [0x00000000c4c00000, 0x0000000100000000)
  region size 1024K, 4 young (4096K), 4 survivors (4096K)
 Metaspace       used 64723K, committed 65280K, reserved 1114112K
  class space    used 9299K, committed 9536K, reserved 1048576K
}
Event: 20.167 GC heap before
{Heap before GC invocations=24 (full 0):
 garbage-first heap   total 75776K, used 47398K [0x00000000c4c00000, 0x0000000100000000)
  region size 1024K, 8 young (8192K), 4 survivors (4096K)
 Metaspace       used 64723K, committed 65280K, reserved 1114112K
  class space    used 9299K, committed 9536K, reserved 1048576K
}
Event: 20.172 GC heap after
{Heap after GC invocations=25 (full 0):
 garbage-first heap   total 75776K, used 46262K [0x00000000c4c00000, 0x0000000100000000)
  region size 1024K, 2 young (2048K), 2 survivors (2048K)
 Metaspace       used 64723K, committed 65280K, reserved 1114112K
  class space    used 9299K, committed 9536K, reserved 1048576K
}
Event: 20.228 GC heap before
{Heap before GC invocations=25 (full 0):
 garbage-first heap   total 75776K, used 58550K [0x00000000c4c00000, 0x0000000100000000)
  region size 1024K, 14 young (14336K), 2 survivors (2048K)
 Metaspace       used 64723K, committed 65280K, reserved 1114112K
  class space    used 9299K, committed 9536K, reserved 1048576K
}

